1645794172748	geckodriver	INFO	Listening on 127.0.0.1:60210
1645794196766	geckodriver	INFO	Listening on 127.0.0.1:60218
1645794299687	geckodriver	INFO	Listening on 127.0.0.1:60267
1645794299776	mozrunner::runner	INFO	Running command: "C:\\Program Files\\Mozilla Firefox\\firefox.exe" "--marionette" "--remote-debugging-port" "60268" "-no-remote" "-profile" "C:\\Users\\user\\AppData\\Local\\Temp\\rust_mozprofileSm5ZmD"
1645794307472	geckodriver	INFO	Listening on 127.0.0.1:60282
1645794308024	mozrunner::runner	INFO	Running command: "C:\\Program Files\\Mozilla Firefox\\firefox.exe" "--marionette" "--remote-debugging-port" "60283" "-no-remote" "-profile" "C:\\Users\\user\\AppData\\Local\\Temp\\rust_mozprofileb9PCOs"
1645794309172	Marionette	INFO	Marionette enabled
console.warn: SearchSettings: "get: No settings file exists, new profile?" (new NotFoundError("Could not open the file at C:\\Users\\user\\AppData\\Local\\Temp\\rust_mozprofileb9PCOs\\search.json.mozlz4", (void 0)))
DevTools listening on ws://localhost:60283/devtools/browser/22c7e821-d9a5-4d7c-8094-28e947eb0776
1645794316721	Marionette	INFO	Listening on port 60292
1645794317287	RemoteAgent	WARN	TLS certificate errors will be ignored for this session
1645794912174	Marionette	INFO	Stopped listening on port 60292
console.warn: TopSitesFeed: Failed to fetch data from Contile server: NetworkError when attempting to fetch resource.

###!!! [Parent][PGPUParent] Error: RunMessage(msgname=PGPU::Msg_ShutdownVR) Channel closing: too late to send/recv, messages will be lost

INFO	Marionette enabled
console.warn: SearchSettings: "get: No settings file exists, new profile?" (new NotFoundError("Could not open the file at C:\\Users\\user\\AppData\\Local\\Temp\\rust_mozprofileIaT3hJ\\search.json.mozlz4", (void 0)))
DevTools listening on ws://localhost:60806/devtools/browser/89a96c1f-591d-443a-9af8-a825154ecd87
1645794628243	Marionette	INFO	Listening on port 60811
1645794628754	RemoteAgent	WARN	TLS certificate errors will be ignored for this session
JavaScript error: resource://gre/modules/AsyncShutdown.jsm, line 575: NotFoundError: No such JSWindowActor 'DevToolsFrame'
1645794913524	Marionette	INFO	Stopped listening on port 60811
console.warn: TopSitesFeed: Failed to fetch data from Contile server: NetworkError when attempting to fetch resource.

###!!! [Parent][PGPUParent] Error: RunMessage(msgname=PGPU::Msg_ShutdownVR) Channel closing: too late to send/recv, messages will be lost

d not open the file at C:\\Users\\user\\AppData\\Local\\Temp\\rust_mozprofilesb9S5D\\search.json.mozlz4", (void 0)))
DevTools listening on ws://localhost:61000/devtools/browser/11c1c5bc-d1ad-4fb2-998c-d521eae51c33
1645794915063	Marionette	INFO	Listening on port 61005
1645794915145	RemoteAgent	WARN	TLS certificate errors will be ignored for this session
1645795005492	geckodriver	INFO	Listening on 127.0.0.1:61065
1645795006050	mozrunner::runner	INFO	Running command: "C:\\Program Files\\Mozilla Firefox\\firefox.exe" "--marionette" "--remote-debugging-port" "61066" "-no-remote" "-profile" "C:\\Users\\user\\AppData\\Local\\Temp\\rust_mozprofilewcnkLa"
1645795006764	Marionette	INFO	Marionette enabled
console.warn: SearchSettings: "get: No settings file exists, new profile?" (new NotFoundError("Could not open the file at C:\\Users\\user\\AppData\\Local\\Temp\\rust_mozprofilewcnkLa\\search.json.mozlz4", (void 0)))
DevTools listening on ws://localhost:61066/devtools/browser/e4e65f29-17e5-407b-a083-2811796e4752
1645795011205	Marionette	INFO	Listening on port 61071
1645795011409	RemoteAgent	WARN	TLS certificate errors will be ignored for this session
1645795631469	geckodriver	INFO	Listening on 127.0.0.1:61444
1645795632014	mozrunner::runner	INFO	Running command: "C:\\Program Files\\Mozilla Firefox\\firefox.exe" "--marionette" "--remote-debugging-port" "61445" "-no-remote" "-profile" "C:\\Users\\user\\AppData\\Local\\Temp\\rust_mozprofilewROYVH"
1645795632648	Marionette	INFO	Marionette enabled
console.warn: SearchSettings: "get: No settings file exists, new profile?" (new NotFoundError("Could not open the file at C:\\Users\\user\\AppData\\Local\\Temp\\rust_mozprofilewROYVH\\search.json.mozlz4", (void 0)))
DevTools listening on ws://localhost:61445/devtools/browser/0e820fd9-59ab-4c77-8979-a0271db8e972
1645795636886	Marionette	INFO	Listening on port 61451
1645795637342	RemoteAgent	WARN	TLS certificate errors will be ignored for this session
1645795750622	Marionette	INFO	Stopped listening on port 61451
console.warn: TopSitesFeed: Failed to fetch data from Contile server: NetworkError when attempting to fetch resource.
1645795752620	geckodriver	INFO	Listening on 127.0.0.1:61511
1645795752672	mozrunner::runner	INFO	Running command: "C:\\Program Files\\Mozilla Firefox\\firefox.exe" "--marionette" "--remote-debugging-port" "61512" "-no-remote" "-profile" "C:\\Users\\user\\AppData\\Local\\Temp\\rust_mozprofileN07GFi"
1645795753286	Marionette	INFO	Marionette enabled
console.warn: SearchSettings: "get: No settings file exists, new profile?" (new NotFoundError("Could not open the file at C:\\Users\\user\\AppData\\Local\\Temp\\rust_mozprofileN07GFi\\search.json.mozlz4", (void 0)))
DevTools listening on ws://localhost:61512/devtools/browser/dbfc37da-e512-4db9-8653-7fe524406c26
1645795757088	Marionette	INFO	Listening on port 61517
1645795757466	RemoteAgent	WARN	TLS certificate errors will be ignored for this session
1645795858711	Marionette	INFO	Stopped listening on port 61517
console.warn: TopSitesFeed: Failed to fetch data from Contile server: NetworkError when attempting to fetch resource.
1645795860893	geckodriver	INFO	Listening on 127.0.0.1:61640
1645795861440	mozrunner::runner	INFO	Running command: "C:\\Program Files\\Mozilla Firefox\\firefox.exe" "--marionette" "--remote-debugging-port" "61641" "-no-remote" "-profile" "C:\\Users\\user\\AppData\\Local\\Temp\\rust_mozprofile80Np4C"
1645795862051	Marionette	INFO	Marionette enabled
console.warn: SearchSettings: "get: No settings file exists, new profile?" (new NotFoundError("Could not open the file at C:\\Users\\user\\AppData\\Local\\Temp\\rust_mozprofile80Np4C\\search.json.mozlz4", (void 0)))
DevTools listening on ws://localhost:61641/devtools/browser/c7e477d7-1b10-463e-8fd1-90527e8e8cf4
1645795866129	Marionette	INFO	Listening on port 61646
1645795866278	RemoteAgent	WARN	TLS certificate errors will be ignored for this session
1645795938247	Marionette	INFO	Stopped listening on port 61646
console.warn: TopSitesFeed: Failed to fetch data from Contile server: NetworkError when attempting to fetch resource.

###!!! [Parent][PGPUParent] Error: RunMessage(msgname=PGPU::Msg_ShutdownVR) Channel closing: too late to send/recv, messages will be lost

1645796413137	geckodriver	INFO	Listening on 127.0.0.1:53219
1645796413182	mozrunner::runner	INFO	Running command: "C:\\Program Files\\Mozilla Firefox\\firefox.exe" "--marionette" "--remote-debugging-port" "53220" "-no-remote" "-profile" "C:\\Users\\user\\AppData\\Local\\Temp\\rust_mozprofileZfcpwN"
1645796413855	Marionette	INFO	Marionette enabled
console.warn: SearchSettings: "get: No settings file exists, new profile?" (new NotFoundError("Could not open the file at C:\\Users\\user\\AppData\\Local\\Temp\\rust_mozprofileZfcpwN\\search.json.mozlz4", (void 0)))
DevTools listening on ws://localhost:53220/devtools/browser/d6c63777-709c-4983-af41-fa1a716827bc
1645796418203	Marionette	INFO	Listening on port 53225
1645796418522	RemoteAgent	WARN	TLS certificate errors will be ignored for this session
1645796430426	Marionette	INFO	Stopped listening on port 53225
console.warn: TopSitesFeed: Failed to fetch data from Contile server: NetworkError when attempting to fetch resource.
1645796441542	geckodriver	INFO	Listening on 127.0.0.1:53276
1645796442099	mozrunner::runner	INFO	Running command: "C:\\Program Files\\Mozilla Firefox\\firefox.exe" "--marionette" "--remote-debugging-port" "53277" "-no-remote" "-profile" "C:\\Users\\user\\AppData\\Local\\Temp\\rust_mozprofilewjWebn"
1645796442769	Marionette	INFO	Marionette enabled
console.warn: SearchSettings: "get: No settings file exists, new profile?" (new NotFoundError("Could not open the file at C:\\Users\\user\\AppData\\Local\\Temp\\rust_mozprofilewjWebn\\search.json.mozlz4", (void 0)))
DevTools listening on ws://localhost:53277/devtools/browser/f552ebb7-b674-4322-9462-6edcf21141b3
1645796447011	Marionette	INFO	Listening on port 53282
1645796447462	RemoteAgent	WARN	TLS certificate errors will be ignored for this session
1645796456798	Marionette	INFO	Stopped listening on port 53282
console.warn: TopSitesFeed: Failed to fetch data from Contile server: NetworkError when attempting to fetch resource.

###!!! [Parent][PGPUParent] Error: RunMessage(msgname=PGPU::Msg_ShutdownVR) Channel closing: too late to send/recv, messages will be lost

1645796464923	geckodriver	INFO	Listening on 127.0.0.1:53333
1645796464968	mozrunner::runner	INFO	Running command: "C:\\Program Files\\Mozilla Firefox\\firefox.exe" "--marionette" "--remote-debugging-port" "53334" "-no-remote" "-profile" "C:\\Users\\user\\AppData\\Local\\Temp\\rust_mozprofileTYel7j"
1645796465563	Marionette	INFO	Marionette enabled
console.warn: SearchSettings: "get: No settings file exists, new profile?" (new NotFoundError("Could not open the file at C:\\Users\\user\\AppData\\Local\\Temp\\rust_mozprofileTYel7j\\search.json.mozlz4", (void 0)))
DevTools listening on ws://localhost:53334/devtools/browser/e563dd98-40c9-4ce4-b283-9bc3a9cb63ab
1645796469993	Marionette	INFO	Listening on port 53339
1645796470311	RemoteAgent	WARN	TLS certificate errors will be ignored for this session
1645796481896	Marionette	INFO	Stopped listening on port 53339
console.warn: TopSitesFeed: Failed to fetch data from Contile server: NetworkError when attempting to fetch resource.

###!!! [Parent][PGPUParent] Error: RunMessage(msgname=PGPU::Msg_ShutdownVR) Channel closing: too late to send/recv, messages will be lost

1645796589507	geckodriver	INFO	Listening on 127.0.0.1:53401
1645796589552	mozrunner::runner	INFO	Running command: "C:\\Program Files\\Mozilla Firefox\\firefox.exe" "--marionette" "--remote-debugging-port" "53402" "-no-remote" "-profile" "C:\\Users\\user\\AppData\\Local\\Temp\\rust_mozprofileVLtD0f"
1645796590216	Marionette	INFO	Marionette enabled
console.warn: SearchSettings: "get: No settings file exists, new profile?" (new NotFoundError("Could not open the file at C:\\Users\\user\\AppData\\Local\\Temp\\rust_mozprofileVLtD0f\\search.json.mozlz4", (void 0)))
DevTools listening on ws://localhost:53402/devtools/browser/c1c9e460-5138-496f-affc-78c51a21cf06
1645796594322	Marionette	INFO	Listening on port 53407
1645796594389	RemoteAgent	WARN	TLS certificate errors will be ignored for this session
1645797020999	geckodriver	INFO	Listening on 127.0.0.1:58659
1645797021525	mozrunner::runner	INFO	Running command: "C:\\Program Files\\Mozilla Firefox\\firefox.exe" "--marionette" "--remote-debugging-port" "58660" "-no-remote" "-profile" "C:\\Users\\user\\AppData\\Local\\Temp\\rust_mozprofile6UdmiY"
1645797022167	Marionette	INFO	Marionette enabled
console.warn: SearchSettings: "get: No settings file exists, new profile?" (new NotFoundError("Could not open the file at C:\\Users\\user\\AppData\\Local\\Temp\\rust_mozprofile6UdmiY\\search.json.mozlz4", (void 0)))
DevTools listening on ws://localhost:58660/devtools/browser/1361ebf7-4d7d-44e6-ab6e-040dba51ef8b
1645797026798	Marionette	INFO	Listening on port 58665
1645797026861	RemoteAgent	WARN	TLS certificate errors will be ignored for this session
1645797063284	geckodriver	INFO	Listening on 127.0.0.1:58714
1645797063342	mozrunner::runner	INFO	Running command: "C:\\Program Files\\Mozilla Firefox\\firefox.exe" "--marionette" "--remote-debugging-port" "58715" "-no-remote" "-profile" "C:\\Users\\user\\AppData\\Local\\Temp\\rust_mozprofilehjIXnk"
1645797063947	Marionette	INFO	Marionette enabled
console.warn: SearchSettings: "get: No settings file exists, new profile?" (new NotFoundError("Could not open the file at C:\\Users\\user\\AppData\\Local\\Temp\\rust_mozprofilehjIXnk\\search.json.mozlz4", (void 0)))
DevTools listening on ws://localhost:58715/devtools/browser/52707119-9c68-4ee7-b178-25bca91eaa7b
1645797068102	Marionette	INFO	Listening on port 58720
1645797068174	RemoteAgent	WARN	TLS certificate errors will be ignored for this session
1645797182231	geckodriver	INFO	Listening on 127.0.0.1:58779
1645797182770	mozrunner::runner	INFO	Running command: "C:\\Program Files\\Mozilla Firefox\\firefox.exe" "--marionette" "--remote-debugging-port" "58780" "-no-remote" "-profile" "C:\\Users\\user\\AppData\\Local\\Temp\\rust_mozprofileDsD565"
1645797183446	Marionette	INFO	Marionette enabled
console.warn: SearchSettings: "get: No settings file exists, new profile?" (new NotFoundError("Could not open the file at C:\\Users\\user\\AppData\\Local\\Temp\\rust_mozprofileDsD565\\search.json.mozlz4", (void 0)))
DevTools listening on ws://localhost:58780/devtools/browser/60a2f321-b5eb-430f-831d-58ea0be1fd1e
1645797187938	Marionette	INFO	Listening on port 58785
1645797188110	RemoteAgent	WARN	TLS certificate errors will be ignored for this session
1645797226159	geckodriver	INFO	Listening on 127.0.0.1:58835
1645797226707	mozrunner::runner	INFO	Running command: "C:\\Program Files\\Mozilla Firefox\\firefox.exe" "--marionette" "--remote-debugging-port" "58836" "-no-remote" "-profile" "C:\\Users\\user\\AppData\\Local\\Temp\\rust_mozprofilewdQOh8"
1645797227384	Marionette	INFO	Marionette enabled
console.warn: SearchSettings: "get: No settings file exists, new profile?" (new NotFoundError("Could not open the file at C:\\Users\\user\\AppData\\Local\\Temp\\rust_mozprofilewdQOh8\\search.json.mozlz4", (void 0)))
DevTools listening on ws://localhost:58836/devtools/browser/9f7782da-c639-48f4-9688-24f8dedac56f
1645797231751	Marionette	INFO	Listening on port 58841
1645797232094	RemoteAgent	WARN	TLS certificate errors will be ignored for this session
1645797260851	geckodriver	INFO	Listening on 127.0.0.1:58895
1645797261399	mozrunner::runner	INFO	Running command: "C:\\Program Files\\Mozilla Firefox\\firefox.exe" "--marionette" "--remote-debugging-port" "58896" "-no-remote" "-profile" "C:\\Users\\user\\AppData\\Local\\Temp\\rust_mozprofileu03Zsl"
1645797262083	Marionette	INFO	Marionette enabled
console.warn: SearchSettings: "get: No settings file exists, new profile?" (new NotFoundError("Could not open the file at C:\\Users\\user\\AppData\\Local\\Temp\\rust_mozprofileu03Zsl\\search.json.mozlz4", (void 0)))
DevTools listening on ws://localhost:58896/devtools/browser/86239704-1fbf-4324-83df-fef0fb28a6e3
1645797266502	Marionette	INFO	Listening on port 58901
1645797266752	RemoteAgent	WARN	TLS certificate errors will be ignored for this session
1645797321303	geckodriver	INFO	Listening on 127.0.0.1:58961
1645797321347	mozrunner::runner	INFO	Running command: "C:\\Program Files\\Mozilla Firefox\\firefox.exe" "--marionette" "--remote-debugging-port" "58962" "-no-remote" "-profile" "C:\\Users\\user\\AppData\\Local\\Temp\\rust_mozprofilezp8mdc"
1645797321979	Marionette	INFO	Marionette enabled
console.warn: SearchSettings: "get: No settings file exists, new profile?" (new NotFoundError("Could not open the file at C:\\Users\\user\\AppData\\Local\\Temp\\rust_mozprofilezp8mdc\\search.json.mozlz4", (void 0)))
DevTools listening on ws://localhost:58962/devtools/browser/6d18f0ee-02e0-451b-aef0-a963af158711
1645797326209	Marionette	INFO	Listening on port 58967
1645797326678	RemoteAgent	WARN	TLS certificate errors will be ignored for this session
1645797364871	Marionette	INFO	Stopped listening on port 58967
console.warn: TopSitesFeed: Failed to fetch data from Contile server: NetworkError when attempting to fetch resource.

###!!! [Parent][PGPUParent] Error: RunMessage(msgname=PGPU::Msg_ShutdownVR) Channel closing: too late to send/recv, messages will be lost

1645797366724	geckodriver	INFO	Listening on 127.0.0.1:59023
1645797367283	mozrunner::runner	INFO	Running command: "C:\\Program Files\\Mozilla Firefox\\firefox.exe" "--marionette" "--remote-debugging-port" "59024" "-no-remote" "-profile" "C:\\Users\\user\\AppData\\Local\\Temp\\rust_mozprofilergAJeX"
1645797367913	Marionette	INFO	Marionette enabled
console.warn: SearchSettings: "get: No settings file exists, new profile?" (new NotFoundError("Could not open the file at C:\\Users\\user\\AppData\\Local\\Temp\\rust_mozprofilergAJeX\\search.json.mozlz4", (void 0)))
DevTools listening on ws://localhost:59024/devtools/browser/4b274085-470c-415a-880c-adcf5fde67b8
1645797371947	Marionette	INFO	Listening on port 59029
1645797372103	RemoteAgent	WARN	TLS certificate errors will be ignored for this session
1645797403696	geckodriver	INFO	Listening on 127.0.0.1:59079
1645797403735	mozrunner::runner	INFO	Running command: "C:\\Program Files\\Mozilla Firefox\\firefox.exe" "--marionette" "--remote-debugging-port" "59080" "-no-remote" "-profile" "C:\\Users\\user\\AppData\\Local\\Temp\\rust_mozprofilesidczm"
1645797404390	Marionette	INFO	Marionette enabled
console.warn: SearchSettings: "get: No settings file exists, new profile?" (new NotFoundError("Could not open the file at C:\\Users\\user\\AppData\\Local\\Temp\\rust_mozprofilesidczm\\search.json.mozlz4", (void 0)))
DevTools listening on ws://localhost:59080/devtools/browser/dc8d3746-0b12-4f39-8f65-ef6fb5f3c7d9
1645797408455	Marionette	INFO	Listening on port 59085
1645797408549	RemoteAgent	WARN	TLS certificate errors will be ignored for this session
1645797442070	geckodriver	INFO	Listening on 127.0.0.1:59134
1645797442117	mozrunner::runner	INFO	Running command: "C:\\Program Files\\Mozilla Firefox\\firefox.exe" "--marionette" "--remote-debugging-port" "59135" "-no-remote" "-profile" "C:\\Users\\user\\AppData\\Local\\Temp\\rust_mozprofileQAVlec"
1645797442741	Marionette	INFO	Marionette enabled
console.warn: SearchSettings: "get: No settings file exists, new profile?" (new NotFoundError("Could not open the file at C:\\Users\\user\\AppData\\Local\\Temp\\rust_mozprofileQAVlec\\search.json.mozlz4", (void 0)))
DevTools listening on ws://localhost:59135/devtools/browser/eb16d1c2-143d-46d6-b86c-9d52e0f8da4f
1645797446878	Marionette	INFO	Listening on port 59140
1645797446942	RemoteAgent	WARN	TLS certificate errors will be ignored for this session
1645797479924	geckodriver	INFO	Listening on 127.0.0.1:59192
1645797480473	mozrunner::runner	INFO	Running command: "C:\\Program Files\\Mozilla Firefox\\firefox.exe" "--marionette" "--remote-debugging-port" "59193" "-no-remote" "-profile" "C:\\Users\\user\\AppData\\Local\\Temp\\rust_mozprofileGApDab"
1645797481078	Marionette	INFO	Marionette enabled
console.warn: SearchSettings: "get: No settings file exists, new profile?" (new NotFoundError("Could not open the file at C:\\Users\\user\\AppData\\Local\\Temp\\rust_mozprofileGApDab\\search.json.mozlz4", (void 0)))
DevTools listening on ws://localhost:59193/devtools/browser/4b7b5bed-99d3-4941-ac47-f3c358a6ba56
1645797485700	Marionette	INFO	Listening on port 59198
1645797485810	RemoteAgent	WARN	TLS certificate errors will be ignored for this session
1645797549552	Marionette	INFO	Stopped listening on port 59198
console.warn: TopSitesFeed: Failed to fetch data from Contile server: NetworkError when attempting to fetch resource.

###!!! [Parent][PGPUParent] Error: RunMessage(msgname=PGPU::Msg_ShutdownVR) Channel closing: too late to send/recv, messages will be lost

1645797551641	geckodriver	INFO	Listening on 127.0.0.1:59252
1645797551678	mozrunner::runner	INFO	Running command: "C:\\Program Files\\Mozilla Firefox\\firefox.exe" "--marionette" "--remote-debugging-port" "59253" "-no-remote" "-profile" "C:\\Users\\user\\AppData\\Local\\Temp\\rust_mozprofileC5rrM4"
1645797552302	Marionette	INFO	Marionette enabled
console.warn: SearchSettings: "get: No settings file exists, new profile?" (new NotFoundError("Could not open the file at C:\\Users\\user\\AppData\\Local\\Temp\\rust_mozprofileC5rrM4\\search.json.mozlz4", (void 0)))
DevTools listening on ws://localhost:59253/devtools/browser/8426cf22-4d31-428c-9a95-a69206c6955d
1645797556318	Marionette	INFO	Listening on port 59258
1645797556531	RemoteAgent	WARN	TLS certificate errors will be ignored for this session
1645797689317	geckodriver	INFO	Listening on 127.0.0.1:59314
1645797689875	mozrunner::runner	INFO	Running command: "C:\\Program Files\\Mozilla Firefox\\firefox.exe" "--marionette" "--remote-debugging-port" "59315" "-no-remote" "-profile" "C:\\Users\\user\\AppData\\Local\\Temp\\rust_mozprofilew3PXbW"
1645797690531	Marionette	INFO	Marionette enabled
console.warn: SearchSettings: "get: No settings file exists, new profile?" (new NotFoundError("Could not open the file at C:\\Users\\user\\AppData\\Local\\Temp\\rust_mozprofilew3PXbW\\search.json.mozlz4", (void 0)))
DevTools listening on ws://localhost:59315/devtools/browser/f4e05f58-e428-432d-ba8f-bd4514b12025
1645797694499	Marionette	INFO	Listening on port 59320
1645797694742	RemoteAgent	WARN	TLS certificate errors will be ignored for this session
1645797784085	geckodriver	INFO	Listening on 127.0.0.1:59375
1645797784135	mozrunner::runner	INFO	Running command: "C:\\Program Files\\Mozilla Firefox\\firefox.exe" "--marionette" "--remote-debugging-port" "59376" "-no-remote" "-profile" "C:\\Users\\user\\AppData\\Local\\Temp\\rust_mozprofilem8fVJG"
1645797784748	Marionette	INFO	Marionette enabled
console.warn: SearchSettings: "get: No settings file exists, new profile?" (new NotFoundError("Could not open the file at C:\\Users\\user\\AppData\\Local\\Temp\\rust_mozprofilem8fVJG\\search.json.mozlz4", (void 0)))
DevTools listening on ws://localhost:59376/devtools/browser/de220b07-ca8f-4234-b67c-d64e35cdaeb5
1645797788557	Marionette	INFO	Listening on port 59381
1645797789180	RemoteAgent	WARN	TLS certificate errors will be ignored for this session
1645797874334	Marionette	INFO	Stopped listening on port 59381
console.warn: TopSitesFeed: Failed to fetch data from Contile server: NetworkError when attempting to fetch resource.
1645797876525	geckodriver	INFO	Listening on 127.0.0.1:59441
1645797877075	mozrunner::runner	INFO	Running command: "C:\\Program Files\\Mozilla Firefox\\firefox.exe" "--marionette" "--remote-debugging-port" "59442" "-no-remote" "-profile" "C:\\Users\\user\\AppData\\Local\\Temp\\rust_mozprofileXb18kv"
1645797877684	Marionette	INFO	Marionette enabled
console.warn: SearchSettings: "get: No settings file exists, new profile?" (new NotFoundError("Could not open the file at C:\\Users\\user\\AppData\\Local\\Temp\\rust_mozprofileXb18kv\\search.json.mozlz4", (void 0)))
DevTools listening on ws://localhost:59442/devtools/browser/8daeafd2-17b5-4168-9d8e-2e66a550d9fa
1645797881593	Marionette	INFO	Listening on port 59447
1645797881914	RemoteAgent	WARN	TLS certificate errors will be ignored for this session
1645797903991	Marionette	INFO	Stopped listening on port 59447
console.warn: TopSitesFeed: Failed to fetch data from Contile server: NetworkError when attempting to fetch resource.
1645797906278	geckodriver	INFO	Listening on 127.0.0.1:59499
1645797906830	mozrunner::runner	INFO	Running command: "C:\\Program Files\\Mozilla Firefox\\firefox.exe" "--marionette" "--remote-debugging-port" "59500" "-no-remote" "-profile" "C:\\Users\\user\\AppData\\Local\\Temp\\rust_mozprofilevawnJt"
1645797907426	Marionette	INFO	Marionette enabled
console.warn: SearchSettings: "get: No settings file exists, new profile?" (new NotFoundError("Could not open the file at C:\\Users\\user\\AppData\\Local\\Temp\\rust_mozprofilevawnJt\\search.json.mozlz4", (void 0)))
DevTools listening on ws://localhost:59500/devtools/browser/302625d9-bc09-453b-a299-d388e28b0b03
1645797911479	Marionette	INFO	Listening on port 59505
1645797911699	RemoteAgent	WARN	TLS certificate errors will be ignored for this session
1645797962204	geckodriver	INFO	Listening on 127.0.0.1:59572
1645797962252	mozrunner::runner	INFO	Running command: "C:\\Program Files\\Mozilla Firefox\\firefox.exe" "--marionette" "--remote-debugging-port" "59573" "-no-remote" "-profile" "C:\\Users\\user\\AppData\\Local\\Temp\\rust_mozprofilehTVlR1"
1645797962895	Marionette	INFO	Marionette enabled
console.warn: SearchSettings: "get: No settings file exists, new profile?" (new NotFoundError("Could not open the file at C:\\Users\\user\\AppData\\Local\\Temp\\rust_mozprofilehTVlR1\\search.json.mozlz4", (void 0)))
DevTools listening on ws://localhost:59573/devtools/browser/e3a7e3a1-e007-40f5-8ebe-85266d314745
1645797967203	Marionette	INFO	Listening on port 59578
1645797967593	RemoteAgent	WARN	TLS certificate errors will be ignored for this session
1645798127536	geckodriver	INFO	Listening on 127.0.0.1:59636
1645798127572	mozrunner::runner	INFO	Running command: "C:\\Program Files\\Mozilla Firefox\\firefox.exe" "--marionette" "--remote-debugging-port" "59637" "-no-remote" "-profile" "C:\\Users\\user\\AppData\\Local\\Temp\\rust_mozprofile11eli2"
1645798128178	Marionette	INFO	Marionette enabled
console.warn: SearchSettings: "get: No settings file exists, new profile?" (new NotFoundError("Could not open the file at C:\\Users\\user\\AppData\\Local\\Temp\\rust_mozprofile11eli2\\search.json.mozlz4", (void 0)))
DevTools listening on ws://localhost:59637/devtools/browser/37e10d85-11cc-42dd-8a45-1524e85b5b51
1645798132293	Marionette	INFO	Listening on port 59642
1645798132404	RemoteAgent	WARN	TLS certificate errors will be ignored for this session
1645798220438	geckodriver	INFO	Listening on 127.0.0.1:59763
1645798220985	mozrunner::runner	INFO	Running command: "C:\\Program Files\\Mozilla Firefox\\firefox.exe" "--marionette" "--remote-debugging-port" "59764" "-no-remote" "-profile" "C:\\Users\\user\\AppData\\Local\\Temp\\rust_mozprofileRKcv6r"
1645798221585	Marionette	INFO	Marionette enabled
console.warn: SearchSettings: "get: No settings file exists, new profile?" (new NotFoundError("Could not open the file at C:\\Users\\user\\AppData\\Local\\Temp\\rust_mozprofileRKcv6r\\search.json.mozlz4", (void 0)))
DevTools listening on ws://localhost:59764/devtools/browser/54ba475b-c92a-499a-a828-b839384ae959
1645798225691	Marionette	INFO	Listening on port 59769
1645798225822	RemoteAgent	WARN	TLS certificate errors will be ignored for this session
1645798274354	geckodriver	INFO	Listening on 127.0.0.1:59821
1645798274892	mozrunner::runner	INFO	Running command: "C:\\Program Files\\Mozilla Firefox\\firefox.exe" "--marionette" "--remote-debugging-port" "59822" "-no-remote" "-profile" "C:\\Users\\user\\AppData\\Local\\Temp\\rust_mozprofilehLxFPl"
1645798275519	Marionette	INFO	Marionette enabled
console.warn: SearchSettings: "get: No settings file exists, new profile?" (new NotFoundError("Could not open the file at C:\\Users\\user\\AppData\\Local\\Temp\\rust_mozprofilehLxFPl\\search.json.mozlz4", (void 0)))
DevTools listening on ws://localhost:59822/devtools/browser/96572431-1313-4079-8742-4c64abd0bacf
1645798279568	Marionette	INFO	Listening on port 59827
1645798279752	RemoteAgent	WARN	TLS certificate errors will be ignored for this session
1645798293435	Marionette	INFO	Stopped listening on port 59827
console.warn: TopSitesFeed: Failed to fetch data from Contile server: NetworkError when attempting to fetch resource.

###!!! [Parent][PGPUParent] Error: RunMessage(msgname=PGPU::Msg_ShutdownVR) Channel closing: too late to send/recv, messages will be lost

1645800509555	geckodriver	INFO	Listening on 127.0.0.1:49567
1645800510100	mozrunner::runner	INFO	Running command: "C:\\Program Files\\Mozilla Firefox\\firefox.exe" "--marionette" "--remote-debugging-port" "49568" "-no-remote" "-profile" "C:\\Users\\user\\AppData\\Local\\Temp\\rust_mozprofilezwnhIf"
1645800511103	Marionette	INFO	Marionette enabled
console.warn: SearchSettings: "get: No settings file exists, new profile?" (new NotFoundError("Could not open the file at C:\\Users\\user\\AppData\\Local\\Temp\\rust_mozprofilezwnhIf\\search.json.mozlz4", (void 0)))
DevTools listening on ws://localhost:49568/devtools/browser/c824673b-29b1-43ee-b18c-0915041d64ec
1645800515128	Marionette	INFO	Listening on port 49573
1645800515458	RemoteAgent	WARN	TLS certificate errors will be ignored for this session
1645800556595	geckodriver	INFO	Listening on 127.0.0.1:49633
1645800557143	mozrunner::runner	INFO	Running command: "C:\\Program Files\\Mozilla Firefox\\firefox.exe" "--marionette" "--remote-debugging-port" "49634" "-no-remote" "-profile" "C:\\Users\\user\\AppData\\Local\\Temp\\rust_mozprofile9fqWof"
1645800557925	Marionette	INFO	Marionette enabled
console.warn: SearchSettings: "get: No settings file exists, new profile?" (new NotFoundError("Could not open the file at C:\\Users\\user\\AppData\\Local\\Temp\\rust_mozprofile9fqWof\\search.json.mozlz4", (void 0)))
DevTools listening on ws://localhost:49634/devtools/browser/46acc509-627d-4507-bfc6-0610e640cefa
1645800561680	Marionette	INFO	Listening on port 49639
1645800561964	RemoteAgent	WARN	TLS certificate errors will be ignored for this session
1645800580724	Marionette	INFO	Stopped listening on port 49639
console.warn: TopSitesFeed: Failed to fetch data from Contile server: NetworkError when attempting to fetch resource.

###!!! [Parent][PGPUParent] Error: RunMessage(msgname=PGPU::Msg_ShutdownVR) Channel closing: too late to send/recv, messages will be lost

1645800583044	geckodriver	INFO	Listening on 127.0.0.1:49696
1645800583601	mozrunner::runner	INFO	Running command: "C:\\Program Files\\Mozilla Firefox\\firefox.exe" "--marionette" "--remote-debugging-port" "49697" "-no-remote" "-profile" "C:\\Users\\user\\AppData\\Local\\Temp\\rust_mozprofileo4W3TF"
1645800584370	Marionette	INFO	Marionette enabled
console.warn: SearchSettings: "get: No settings file exists, new profile?" (new NotFoundError("Could not open the file at C:\\Users\\user\\AppData\\Local\\Temp\\rust_mozprofileo4W3TF\\search.json.mozlz4", (void 0)))
DevTools listening on ws://localhost:49697/devtools/browser/1820d0ab-8c65-46f9-8141-9fb0db8955db
1645800588012	Marionette	INFO	Listening on port 49702
1645800588444	RemoteAgent	WARN	TLS certificate errors will be ignored for this session
1645800747989	geckodriver	INFO	Listening on 127.0.0.1:64368
1645800748555	mozrunner::runner	INFO	Running command: "C:\\Program Files\\Mozilla Firefox\\firefox.exe" "--marionette" "--remote-debugging-port" "64369" "-no-remote" "-profile" "C:\\Users\\user\\AppData\\Local\\Temp\\rust_mozprofileZmlMJv"
1645800749239	Marionette	INFO	Marionette enabled
console.warn: SearchSettings: "get: No settings file exists, new profile?" (new NotFoundError("Could not open the file at C:\\Users\\user\\AppData\\Local\\Temp\\rust_mozprofileZmlMJv\\search.json.mozlz4", (void 0)))
DevTools listening on ws://localhost:64369/devtools/browser/ed06734a-6559-498d-a81f-502984939c7e
1645800753239	Marionette	INFO	Listening on port 64374
1645800753357	RemoteAgent	WARN	TLS certificate errors will be ignored for this session
1645800786862	geckodriver	INFO	Listening on 127.0.0.1:64424
1645800787424	mozrunner::runner	INFO	Running command: "C:\\Program Files\\Mozilla Firefox\\firefox.exe" "--marionette" "--remote-debugging-port" "64425" "-no-remote" "-profile" "C:\\Users\\user\\AppData\\Local\\Temp\\rust_mozprofileGLmTwV"
1645800788012	Marionette	INFO	Marionette enabled
console.warn: SearchSettings: "get: No settings file exists, new profile?" (new NotFoundError("Could not open the file at C:\\Users\\user\\AppData\\Local\\Temp\\rust_mozprofileGLmTwV\\search.json.mozlz4", (void 0)))
DevTools listening on ws://localhost:64425/devtools/browser/47da5e37-dc0c-4f96-be0f-8b81a8a491cb
1645800792154	Marionette	INFO	Listening on port 64430
1645800792250	RemoteAgent	WARN	TLS certificate errors will be ignored for this session
1645800850880	geckodriver	INFO	Listening on 127.0.0.1:64483
1645800851413	mozrunner::runner	INFO	Running command: "C:\\Program Files\\Mozilla Firefox\\firefox.exe" "--marionette" "--remote-debugging-port" "64484" "-no-remote" "-profile" "C:\\Users\\user\\AppData\\Local\\Temp\\rust_mozprofilegRW1Zq"
1645800851971	Marionette	INFO	Marionette enabled
console.warn: SearchSettings: "get: No settings file exists, new profile?" (new NotFoundError("Could not open the file at C:\\Users\\user\\AppData\\Local\\Temp\\rust_mozprofilegRW1Zq\\search.json.mozlz4", (void 0)))
DevTools listening on ws://localhost:64484/devtools/browser/dac49eca-d532-454b-8421-418813cf8504
1645800855678	Marionette	INFO	Listening on port 64489
1645800855731	RemoteAgent	WARN	TLS certificate errors will be ignored for this session
1645800887951	geckodriver	INFO	Listening on 127.0.0.1:58828
1645800888492	mozrunner::runner	INFO	Running command: "C:\\Program Files\\Mozilla Firefox\\firefox.exe" "--marionette" "--remote-debugging-port" "58829" "-no-remote" "-profile" "C:\\Users\\user\\AppData\\Local\\Temp\\rust_mozprofileE90J3k"
1645800889126	Marionette	INFO	Marionette enabled
console.warn: SearchSettings: "get: No settings file exists, new profile?" (new NotFoundError("Could not open the file at C:\\Users\\user\\AppData\\Local\\Temp\\rust_mozprofileE90J3k\\search.json.mozlz4", (void 0)))
DevTools listening on ws://localhost:58829/devtools/browser/d79af25a-5bef-4221-b686-8f03e18ed085
1645800893502	Marionette	INFO	Listening on port 58834
1645800894025	RemoteAgent	WARN	TLS certificate errors will be ignored for this session
1645801279064	geckodriver	INFO	Listening on 127.0.0.1:58917
1645801279609	mozrunner::runner	INFO	Running command: "C:\\Program Files\\Mozilla Firefox\\firefox.exe" "--marionette" "--remote-debugging-port" "58918" "-no-remote" "-profile" "C:\\Users\\user\\AppData\\Local\\Temp\\rust_mozprofile46NcqH"
1645801280235	Marionette	INFO	Marionette enabled
console.warn: SearchSettings: "get: No settings file exists, new profile?" (new NotFoundError("Could not open the file at C:\\Users\\user\\AppData\\Local\\Temp\\rust_mozprofile46NcqH\\search.json.mozlz4", (void 0)))
DevTools listening on ws://localhost:58918/devtools/browser/183d0c5b-4a6d-480d-b687-4ffd554d60c5
1645801284323	Marionette	INFO	Listening on port 58924
1645801284466	RemoteAgent	WARN	TLS certificate errors will be ignored for this session
1645801334883	geckodriver	INFO	Listening on 127.0.0.1:58997
1645801335419	mozrunner::runner	INFO	Running command: "C:\\Program Files\\Mozilla Firefox\\firefox.exe" "--marionette" "--remote-debugging-port" "58998" "-no-remote" "-profile" "C:\\Users\\user\\AppData\\Local\\Temp\\rust_mozprofileFi0aJf"
1645801336047	Marionette	INFO	Marionette enabled
console.warn: SearchSettings: "get: No settings file exists, new profile?" (new NotFoundError("Could not open the file at C:\\Users\\user\\AppData\\Local\\Temp\\rust_mozprofileFi0aJf\\search.json.mozlz4", (void 0)))
DevTools listening on ws://localhost:58998/devtools/browser/39b0885c-49f2-49c8-a578-6540b9fcf479
1645801339814	Marionette	INFO	Listening on port 59003
1645801340266	RemoteAgent	WARN	TLS certificate errors will be ignored for this session
1645801375046	geckodriver	INFO	Listening on 127.0.0.1:59052
1645801375585	mozrunner::runner	INFO	Running command: "C:\\Program Files\\Mozilla Firefox\\firefox.exe" "--marionette" "--remote-debugging-port" "59053" "-no-remote" "-profile" "C:\\Users\\user\\AppData\\Local\\Temp\\rust_mozprofileEYefvY"
1645801376232	Marionette	INFO	Marionette enabled
console.warn: SearchSettings: "get: No settings file exists, new profile?" (new NotFoundError("Could not open the file at C:\\Users\\user\\AppData\\Local\\Temp\\rust_mozprofileEYefvY\\search.json.mozlz4", (void 0)))
DevTools listening on ws://localhost:59053/devtools/browser/86e929c9-50f1-4ed8-812b-7f2ba45e2f6d
1645801379504	Marionette	INFO	Listening on port 59058
1645801379777	RemoteAgent	WARN	TLS certificate errors will be ignored for this session
1645801401546	Marionette	INFO	Stopped listening on port 59058
console.warn: TopSitesFeed: Failed to fetch data from Contile server: NetworkError when attempting to fetch resource.
1645801403498	geckodriver	INFO	Listening on 127.0.0.1:59109
1645801403552	mozrunner::runner	INFO	Running command: "C:\\Program Files\\Mozilla Firefox\\firefox.exe" "--marionette" "--remote-debugging-port" "59110" "-no-remote" "-profile" "C:\\Users\\user\\AppData\\Local\\Temp\\rust_mozprofileUvE74h"
1645801404034	Marionette	INFO	Marionette enabled
console.warn: SearchSettings: "get: No settings file exists, new profile?" (new NotFoundError("Could not open the file at C:\\Users\\user\\AppData\\Local\\Temp\\rust_mozprofileUvE74h\\search.json.mozlz4", (void 0)))
DevTools listening on ws://localhost:59110/devtools/browser/9dad2010-0be5-485d-8675-1232879e7a1a
1645801407315	Marionette	INFO	Listening on port 59115
1645801407755	RemoteAgent	WARN	TLS certificate errors will be ignored for this session
1645801434345	Marionette	INFO	Stopped listening on port 59115
console.warn: TopSitesFeed: Failed to fetch data from Contile server: NetworkError when attempting to fetch resource.

###!!! [Parent][PGPUParent] Error: RunMessage(msgname=PGPU::Msg_ShutdownVR) Channel closing: too late to send/recv, messages will be lost

1645801436674	geckodriver	INFO	Listening on 127.0.0.1:59166
1645801437221	mozrunner::runner	INFO	Running command: "C:\\Program Files\\Mozilla Firefox\\firefox.exe" "--marionette" "--remote-debugging-port" "59167" "-no-remote" "-profile" "C:\\Users\\user\\AppData\\Local\\Temp\\rust_mozprofilehmNko6"
1645801437719	Marionette	INFO	Marionette enabled
console.warn: SearchSettings: "get: No settings file exists, new profile?" (new NotFoundError("Could not open the file at C:\\Users\\user\\AppData\\Local\\Temp\\rust_mozprofilehmNko6\\search.json.mozlz4", (void 0)))
DevTools listening on ws://localhost:59167/devtools/browser/acc18335-44e2-406e-b698-7296c4e1b133
1645801440874	Marionette	INFO	Listening on port 59172
1645801440921	RemoteAgent	WARN	TLS certificate errors will be ignored for this session
1645801456001	Marionette	INFO	Stopped listening on port 59172
console.warn: TopSitesFeed: Failed to fetch data from Contile server: NetworkError when attempting to fetch resource.
JavaScript error: chrome://remote/content/marionette/cert.js, line 55: NS_ERROR_NOT_AVAILABLE: Component returned failure code: 0x80040111 (NS_ERROR_NOT_AVAILABLE) [nsICertOverrideService.setDisableAllSecurityChecksAndLetAttackersInterceptMyData]
1645801458702	geckodriver	INFO	Listening on 127.0.0.1:59300
1645801459246	mozrunner::runner	INFO	Running command: "C:\\Program Files\\Mozilla Firefox\\firefox.exe" "--marionette" "--remote-debugging-port" "59301" "-no-remote" "-profile" "C:\\Users\\user\\AppData\\Local\\Temp\\rust_mozprofile54NsRK"
1645801459821	Marionette	INFO	Marionette enabled
console.warn: SearchSettings: "get: No settings file exists, new profile?" (new NotFoundError("Could not open the file at C:\\Users\\user\\AppData\\Local\\Temp\\rust_mozprofile54NsRK\\search.json.mozlz4", (void 0)))
DevTools listening on ws://localhost:59301/devtools/browser/628e3dcc-68da-4c4b-a2fa-2711b8815fb3
1645801462943	Marionette	INFO	Listening on port 59306
1645801463451	RemoteAgent	WARN	TLS certificate errors will be ignored for this session
1645801482433	Marionette	INFO	Stopped listening on port 59306
console.warn: TopSitesFeed: Failed to fetch data from Contile server: NetworkError when attempting to fetch resource.
1645801484615	geckodriver	INFO	Listening on 127.0.0.1:59358
1645801485153	mozrunner::runner	INFO	Running command: "C:\\Program Files\\Mozilla Firefox\\firefox.exe" "--marionette" "--remote-debugging-port" "59359" "-no-remote" "-profile" "C:\\Users\\user\\AppData\\Local\\Temp\\rust_mozprofiletxQvow"
1645801485657	Marionette	INFO	Marionette enabled
1645801958218	geckodriver	INFO	Listening on 127.0.0.1:59514
1645801958779	mozrunner::runner	INFO	Running command: "C:\\Program Files\\Mozilla Firefox\\firefox.exe" "--marionette" "--remote-debugging-port" "59515" "-no-remote" "-profile" "C:\\Users\\user\\AppData\\Local\\Temp\\rust_mozprofilepnSsPw"
1645801959440	Marionette	INFO	Marionette enabled
console.warn: SearchSettings: "get: No settings file exists, new profile?" (new NotFoundError("Could not open the file at C:\\Users\\user\\AppData\\Local\\Temp\\rust_mozprofilepnSsPw\\search.json.mozlz4", (void 0)))
DevTools listening on ws://localhost:59515/devtools/browser/14e1ee13-efc3-4558-be8d-ccb3a87ecb4a
1645801964154	Marionette	INFO	Listening on port 59520
1645801964621	RemoteAgent	WARN	TLS certificate errors will be ignored for this session
1645802058786	geckodriver	INFO	Listening on 127.0.0.1:59584
1645802059309	mozrunner::runner	INFO	Running command: "C:\\Program Files\\Mozilla Firefox\\firefox.exe" "--marionette" "--remote-debugging-port" "59585" "-no-remote" "-profile" "C:\\Users\\user\\AppData\\Local\\Temp\\rust_mozprofilecctNhK"
1645802059964	Marionette	INFO	Marionette enabled
console.warn: SearchSettings: "get: No settings file exists, new profile?" (new NotFoundError("Could not open the file at C:\\Users\\user\\AppData\\Local\\Temp\\rust_mozprofilecctNhK\\search.json.mozlz4", (void 0)))
DevTools listening on ws://localhost:59585/devtools/browser/6fcd9a30-8dae-42a9-a71c-7e589823a852
1645802064057	Marionette	INFO	Listening on port 59590
1645802064165	RemoteAgent	WARN	TLS certificate errors will be ignored for this session
1645802110157	geckodriver	INFO	Listening on 127.0.0.1:59644
1645802110704	mozrunner::runner	INFO	Running command: "C:\\Program Files\\Mozilla Firefox\\firefox.exe" "--marionette" "--remote-debugging-port" "59645" "-no-remote" "-profile" "C:\\Users\\user\\AppData\\Local\\Temp\\rust_mozprofileBPdMwc"
1645802111383	Marionette	INFO	Marionette enabled
console.warn: SearchSettings: "get: No settings file exists, new profile?" (new NotFoundError("Could not open the file at C:\\Users\\user\\AppData\\Local\\Temp\\rust_mozprofileBPdMwc\\search.json.mozlz4", (void 0)))
DevTools listening on ws://localhost:59645/devtools/browser/13356da4-aba7-4339-bb10-b04e24a2fdb4
1645802115448	Marionette	INFO	Listening on port 59650
1645802115532	RemoteAgent	WARN	TLS certificate errors will be ignored for this session
1645802185124	geckodriver	INFO	Listening on 127.0.0.1:59718
1645802185169	mozrunner::runner	INFO	Running command: "C:\\Program Files\\Mozilla Firefox\\firefox.exe" "--marionette" "--remote-debugging-port" "59719" "-no-remote" "-profile" "C:\\Users\\user\\AppData\\Local\\Temp\\rust_mozprofilegOrtd4"
1645802185840	Marionette	INFO	Marionette enabled
console.warn: SearchSettings: "get: No settings file exists, new profile?" (new NotFoundError("Could not open the file at C:\\Users\\user\\AppData\\Local\\Temp\\rust_mozprofilegOrtd4\\search.json.mozlz4", (void 0)))
DevTools listening on ws://localhost:59719/devtools/browser/56f8713a-e62b-4e0f-ac21-f740127edbed
1645802190691	Marionette	INFO	Listening on port 59724
1645802191021	RemoteAgent	WARN	TLS certificate errors will be ignored for this session
1645802217128	geckodriver	INFO	Listening on 127.0.0.1:59773
1645802217174	mozrunner::runner	INFO	Running command: "C:\\Program Files\\Mozilla Firefox\\firefox.exe" "--marionette" "--remote-debugging-port" "59774" "-no-remote" "-profile" "C:\\Users\\user\\AppData\\Local\\Temp\\rust_mozprofileqrgDLm"
1645802217814	Marionette	INFO	Marionette enabled
console.warn: SearchSettings: "get: No settings file exists, new profile?" (new NotFoundError("Could not open the file at C:\\Users\\user\\AppData\\Local\\Temp\\rust_mozprofileqrgDLm\\search.json.mozlz4", (void 0)))
DevTools listening on ws://localhost:59774/devtools/browser/7e859e2a-b032-4628-b5c2-a43bd89b0350
1645802221744	Marionette	INFO	Listening on port 59779
1645802222029	RemoteAgent	WARN	TLS certificate errors will be ignored for this session
1645802239426	Marionette	INFO	Stopped listening on port 59779
console.warn: TopSitesFeed: Failed to fetch data from Contile server: NetworkError when attempting to fetch resource.

###!!! [Parent][PGPUParent] Error: RunMessage(msgname=PGPU::Msg_ShutdownVR) Channel closing: too late to send/recv, messages will be lost

1645802241843	geckodriver	INFO	Listening on 127.0.0.1:59831
1645802242382	mozrunner::runner	INFO	Running command: "C:\\Program Files\\Mozilla Firefox\\firefox.exe" "--marionette" "--remote-debugging-port" "59832" "-no-remote" "-profile" "C:\\Users\\user\\AppData\\Local\\Temp\\rust_mozprofilez6hjOH"
1645802242998	Marionette	INFO	Marionette enabled
console.warn: SearchSettings: "get: No settings file exists, new profile?" (new NotFoundError("Could not open the file at C:\\Users\\user\\AppData\\Local\\Temp\\rust_mozprofilez6hjOH\\search.json.mozlz4", (void 0)))
DevTools listening on ws://localhost:59832/devtools/browser/9754232b-68ae-4f37-93f6-c87093d1a984
1645802247104	Marionette	INFO	Listening on port 59837
1645802247186	RemoteAgent	WARN	TLS certificate errors will be ignored for this session
1645802412949	geckodriver	INFO	Listening on 127.0.0.1:59939
1645802413497	mozrunner::runner	INFO	Running command: "C:\\Program Files\\Mozilla Firefox\\firefox.exe" "--marionette" "--remote-debugging-port" "59940" "-no-remote" "-profile" "C:\\Users\\user\\AppData\\Local\\Temp\\rust_mozprofilezy1NPy"
1645802414186	Marionette	INFO	Marionette enabled
console.warn: SearchSettings: "get: No settings file exists, new profile?" (new NotFoundError("Could not open the file at C:\\Users\\user\\AppData\\Local\\Temp\\rust_mozprofilezy1NPy\\search.json.mozlz4", (void 0)))
DevTools listening on ws://localhost:59940/devtools/browser/4afa41d4-5f17-4de3-b9f3-6b3253f8957d
1645802418190	Marionette	INFO	Listening on port 59945
1645802418350	RemoteAgent	WARN	TLS certificate errors will be ignored for this session
1645802438348	Marionette	INFO	Stopped listening on port 59945
console.warn: TopSitesFeed: Failed to fetch data from Contile server: NetworkError when attempting to fetch resource.
